<?xml version="1.0" encoding="UTF-8"?>
<!-- Generated by org.testng.reporters.JUnitReportReporter -->
<testsuite skipped="2" hostname="localhost.localdomain" name="main.TestSuite_01" tests="11" failures="0" timestamp="19 Mar 2018 06:07:00 GMT" time="81.680" errors="0">
  <testcase name="studentProfile_View" time="8.292" classname="main.TestSuite_01"/>
  <testcase name="MaintainDocument" time="5.092" classname="main.TestSuite_01"/>
  <testcase name="signInAndMoveToStudentRecord" time="10.905" classname="main.TestSuite_01"/>
  <testcase name="MaintainDocumentList_Add" time="4.848" classname="main.TestSuite_01"/>
  <testcase name="studentProfile_Add" time="9.208" classname="main.TestSuite_01"/>
  <testcase name="MaintainDocumentList_Add" time="2.137" classname="main.TestSuite_01">
    <skipped/>
  </testcase> <!-- MaintainDocumentList_Add -->
  <testcase name="DisciplinaryCases" time="14.452" classname="main.TestSuite_01"/>
  <testcase name="NotingOnStudent" time="5.819" classname="main.TestSuite_01"/>
  <testcase name="AwardsScholarships_Add" time="11.672" classname="main.TestSuite_01"/>
  <testcase name="AwardsScholarships_Delete" time="7.121" classname="main.TestSuite_01"/>
  <testcase name="AwardsScholarships_Delete" time="2.134" classname="main.TestSuite_01">
    <skipped/>
  </testcase> <!-- AwardsScholarships_Delete -->
</testsuite> <!-- main.TestSuite_01 -->
