<?xml version="1.0" encoding="UTF-8"?>
<!-- Generated by org.testng.reporters.JUnitReportReporter -->
<testsuite skipped="3" hostname="localhost.localdomain" name="main.StudentRecord_Test" tests="10" failures="0" timestamp="03 Apr 2018 08:59:08 GMT" time="64.756" errors="0">
  <testcase name="studentProfile_Add" time="13.353" classname="main.StudentRecord_Test"/>
  <testcase name="MaintainDocumentList_Add" time="4.685" classname="main.StudentRecord_Test"/>
  <testcase name="DisciplinaryCases" time="14.626" classname="main.StudentRecord_Test"/>
  <testcase name="signInAndMoveToStudentRecord" time="10.549" classname="main.StudentRecord_Test"/>
  <testcase name="studentProfile_View" time="8.384" classname="main.StudentRecord_Test"/>
  <testcase name="MaintainDocumentList_Add" time="2.131" classname="main.StudentRecord_Test">
    <skipped/>
  </testcase> <!-- MaintainDocumentList_Add -->
  <testcase name="NotingOnStudent" time="5.858" classname="main.StudentRecord_Test"/>
  <testcase name="MaintainDocument" time="5.170" classname="main.StudentRecord_Test"/>
  <testcase name="AwardsScholarships_Delete" classname="main.StudentRecord_Test">
    <skipped/>
  </testcase> <!-- AwardsScholarships_Delete -->
  <testcase name="AwardsScholarships_Add" classname="main.StudentRecord_Test">
    <skipped/>
  </testcase> <!-- AwardsScholarships_Add -->
</testsuite> <!-- main.StudentRecord_Test -->
