<?xml version="1.0" encoding="UTF-8"?>
<!-- Generated by org.testng.reporters.JUnitReportReporter -->
<testsuite skipped="3" hostname="localhost.localdomain" name="main.StudentAttendence" tests="7" failures="0" timestamp="03 Apr 2018 08:59:08 GMT" time="78.607" errors="0">
  <testcase name="ByTeacherMultiDate_MarkAttendence" time="29.355" classname="main.StudentAttendence"/>
  <testcase name="ByTeacher_MarkAttendence" time="2.175" classname="main.StudentAttendence">
    <skipped/>
  </testcase> <!-- ByTeacher_MarkAttendence -->
  <testcase name="signInAndMoveToStudentRecord" time="10.680" classname="main.StudentAttendence"/>
  <testcase name="ByTeacher_MarkAttendence" time="17.783" classname="main.StudentAttendence"/>
  <testcase name="ByTeacher_DeleteAttendence" time="16.498" classname="main.StudentAttendence"/>
  <testcase name="ByTeacher_DeleteAttendence" time="2.116" classname="main.StudentAttendence">
    <skipped/>
  </testcase> <!-- ByTeacher_DeleteAttendence -->
  <testcase name="Leaves" classname="main.StudentAttendence">
    <skipped/>
  </testcase> <!-- Leaves -->
</testsuite> <!-- main.StudentAttendence -->
